<?xml version="1.0" encoding="UTF-8"?><TestSessionContainer xmlns="http://www.codecover.org/xml/testsession-container" Date="1558423357895" TestSessionContainerId="daf2c497-3b69-47e1-a039-77486d8283f5" version="1.0">
<SrcFileList>
<SrcFile Content="package p3d4amb.sat.lib.session;&#13;&#10;&#13;&#10;import static p3d4amb.sat.lib.session.TestSession.Result.CONTINUE;&#13;&#10;import static p3d4amb.sat.lib.session.TestSession.Result.FINISH_CERTIFIED;&#13;&#10;import static p3d4amb.sat.lib.session.TestSession.Result.FINISH_NOT_CERTIFIED;&#13;&#10;&#13;&#10;/**&#13;&#10; * PEST Algorithm&#13;&#10; */&#13;&#10;&#13;&#10;public class PestDepthCertifier extends DepthCertBase {&#13;&#10;&#13;&#10;&#13;&#10;&#9;private int maxDepth;&#13;&#10;&#9;private int leftLimit;&#13;&#10;&#9;private int rightLimit;&#13;&#10;&#9;private int chance;&#13;&#10;&#9;private int vector[];&#13;&#10;&#9;private int weight;&#13;&#10;&#9;private boolean partone;&#13;&#10;&#9;private int nextDepth;&#13;&#10;&#9;private double value;&#13;&#10;&#13;&#10;&#9;public PestDepthCertifier(int initDepth) {&#13;&#10;&#9;&#9;certifierStatus = new CertifierStatus();&#13;&#10;&#13;&#10;&#9;&#9;if (initDepth &gt;= 1)&#13;&#10;&#9;&#9;&#9;certifierStatus.currentDepth = initDepth;&#13;&#10;&#9;&#9;else&#13;&#10;&#9;&#9;&#9;throw new IllegalArgumentException();&#13;&#10;&#13;&#10;&#9;&#9;maxDepth = initDepth;&#13;&#10;&#9;&#9;leftLimit = initDepth;&#13;&#10;&#9;&#9;rightLimit = 1;&#13;&#10;&#9;&#9;chance = 1;&#13;&#10;&#9;&#9;vector = new int[initDepth];&#13;&#10;&#9;&#9;weight = 1;&#13;&#10;&#9;&#9;partone = true;&#13;&#10;&#13;&#10;&#9;&#9;certifierStatus.currentResult = CONTINUE;&#13;&#10;&#9;}&#13;&#10;&#13;&#10;&#9;@Override&#13;&#10;&#9;public&#13;&#10;&#9;void computeNextDepth(DepthCertBase.Solution solution) {&#13;&#10;&#9;&#9;int savedCurrentDepth = certifierStatus.currentDepth;&#13;&#10;&#13;&#10;&#9;&#9;// PART ONE&#13;&#10;&#9;&#9;// Quickly and approximately identify the range in which the level can be contained&#13;&#10;&#9;&#9;if (partone &amp;&amp; (solution != DepthCertBase.Solution.NULL)) {&#13;&#10;&#9;&#9;&#9;// System.out.print(&quot;[PART ONE]&quot;);&#13;&#10;&#13;&#10;&#9;&#9;&#9;if (solution == DepthCertBase.Solution.WRONG &amp;&amp; chance &gt; 0 &amp;&amp; certifierStatus.currentDepth == maxDepth) {&#13;&#10;&#9;&#9;&#9;&#9;// First wrong attempt to maxDepth&#13;&#10;&#9;&#9;&#9;&#9;chance--;&#13;&#10;&#9;&#9;&#9;} else if (solution == DepthCertBase.Solution.WRONG &amp;&amp; chance == 0&#13;&#10;&#9;&#9;&#9;&#9;&#9;&amp;&amp; certifierStatus.currentDepth == maxDepth) {&#13;&#10;&#9;&#9;&#9;&#9;// Second wrong attempt to maxDepth&#13;&#10;&#9;&#9;&#9;&#9;certifierStatus.currentResult = FINISH_NOT_CERTIFIED;&#13;&#10;&#9;&#9;&#9;} else if (solution == DepthCertBase.Solution.RIGHT) {&#13;&#10;&#9;&#9;&#9;&#9;leftLimit = certifierStatus.currentDepth;&#13;&#10;&#13;&#10;&#9;&#9;&#9;&#9;// Numerical rounding (Floor: round down)&#13;&#10;&#9;&#9;&#9;&#9;value = ((double) leftLimit + rightLimit) / 2;&#13;&#10;&#9;&#9;&#9;&#9;nextDepth = (int) (Math.floor(value));&#13;&#10;&#13;&#10;&#9;&#9;&#9;&#9;certifierStatus.currentDepth = nextDepth;&#13;&#10;&#9;&#9;&#9;&#9;vector[leftLimit - 1] += 1;&#13;&#10;&#13;&#10;&#9;&#9;&#9;&#9;if ((leftLimit - rightLimit) == 1) {&#13;&#10;&#9;&#9;&#9;&#9;&#9;partone = false;&#13;&#10;&#9;&#9;&#9;&#9;&#9;nextDepth = rightLimit;&#13;&#10;&#9;&#9;&#9;&#9;&#9;certifierStatus.currentDepth = nextDepth;&#13;&#10;&#9;&#9;&#9;&#9;&#9;&#13;&#10;&#9;&#9;&#9;&#9;&#9;// Weight because the rightLimit was wrong&#13;&#10;&#9;&#9;&#9;&#9;&#9;if (rightLimit != 1)&#13;&#10;&#9;&#9;&#9;&#9;&#9;&#9;weight = weight*3;&#13;&#10;&#9;&#9;&#9;&#9;}&#13;&#10;&#9;&#9;&#9;} else if (solution == DepthCertBase.Solution.WRONG) {&#13;&#10;&#9;&#9;&#9;&#9;rightLimit = certifierStatus.currentDepth;&#13;&#10;&#13;&#10;&#9;&#9;&#9;&#9;// Numerical rounding (Ceil: round up)&#13;&#10;&#9;&#9;&#9;&#9;value = ((double) leftLimit + rightLimit) / 2;&#13;&#10;&#9;&#9;&#9;&#9;nextDepth = (int) (Math.ceil(value));&#13;&#10;&#13;&#10;&#9;&#9;&#9;&#9;certifierStatus.currentDepth = nextDepth;&#13;&#10;&#9;&#9;&#9;&#9;vector[rightLimit - 1] -= 1;&#13;&#10;&#13;&#10;&#9;&#9;&#9;&#9;if ((leftLimit - rightLimit) == 1) {&#13;&#10;&#9;&#9;&#9;&#9;&#9;partone = false;&#13;&#10;&#9;&#9;&#9;&#9;&#9;nextDepth = rightLimit;&#13;&#10;&#9;&#9;&#9;&#9;&#9;certifierStatus.currentDepth = nextDepth;&#13;&#10;&#9;&#9;&#9;&#9;&#9;&#13;&#10;&#9;&#9;&#9;&#9;&#9;// Weight because the rightLimit was wrong&#13;&#10;&#9;&#9;&#9;&#9;&#9;if (rightLimit != 1)&#13;&#10;&#9;&#9;&#9;&#9;&#9;&#9;weight = weight*3;&#13;&#10;&#9;&#9;&#9;&#9;}&#13;&#10;&#9;&#9;&#9;}&#13;&#10;&#9;&#9;&#9;&#13;&#10;&#9;&#9;&#9;// PART TWO&#13;&#10;&#9;&#9;&#9;// Focus on the lower level identified [nextDepth = rigthLimit] until it reaches&#13;&#10;&#9;&#9;&#9;// a +2 that certifies the level, or a -2 that shift to an easier level&#13;&#10;&#9;&#9;&#9;// (nextDepth++). Added weight to avoid loop like [OK | NO | OK | NO]&#13;&#10;&#9;&#9;} else if (!partone &amp;&amp; (solution != DepthCertBase.Solution.NULL)) {&#13;&#10;&#9;&#9;&#9;// System.out.print(&quot;[PART TWO]&quot;);&#13;&#10;&#13;&#10;&#9;&#9;&#9;if (solution == DepthCertBase.Solution.RIGHT) {&#13;&#10;&#9;&#9;&#9;&#9;vector[nextDepth - 1] += 1;&#13;&#10;&#9;&#9;&#9;&#9;certifierStatus.currentDepth = nextDepth;&#13;&#10;&#9;&#9;&#9;} else if (solution == DepthCertBase.Solution.WRONG) {&#13;&#10;&#9;&#9;&#9;&#9;// Subtract with weight&#13;&#10;&#9;&#9;&#9;&#9;vector[nextDepth - 1] -= weight;&#13;&#10;&#9;&#9;&#9;&#9;weight = weight * 3;&#13;&#10;&#9;&#9;&#9;&#9;certifierStatus.currentDepth = nextDepth;&#13;&#10;&#9;&#9;&#9;}&#13;&#10;&#13;&#10;&#9;&#9;&#9;// Vector control and maxDepth control&#13;&#10;&#9;&#9;&#9;if (vector[nextDepth - 1] &gt;= 2) {&#13;&#10;&#9;&#9;&#9;&#9;// Reached the certification&#13;&#10;&#9;&#9;&#9;&#9;certifierStatus.currentResult = FINISH_CERTIFIED;&#13;&#10;&#9;&#9;&#9;&#9;certifierStatus.currentDepth = nextDepth;&#13;&#10;&#9;&#9;&#9;} else if ((vector[nextDepth - 1] &lt;= -2) &amp;&amp; (nextDepth &lt; maxDepth)) {&#13;&#10;&#9;&#9;&#9;&#9;// Shift the nextDepth and reset weight&#13;&#10;&#9;&#9;&#9;&#9;nextDepth++;&#13;&#10;&#9;&#9;&#9;&#9;weight = 1;&#13;&#10;&#9;&#9;&#9;&#9;certifierStatus.currentDepth = nextDepth;&#13;&#10;&#9;&#9;&#9;} else if ((vector[nextDepth - 1] &lt;= -2) &amp;&amp; (nextDepth == maxDepth)) {&#13;&#10;&#9;&#9;&#9;&#9;// Returned to the initial maxDepth without certification&#13;&#10;&#9;&#9;&#9;&#9;certifierStatus.currentResult = FINISH_NOT_CERTIFIED;&#13;&#10;&#9;&#9;&#9;&#9;certifierStatus.currentDepth = nextDepth;&#13;&#10;&#9;&#9;&#9;}&#13;&#10;&#9;&#9;} else {&#13;&#10;&#9;&#9;&#9;System.out.print(&quot;[NULL (SKIP BUTTON)]&quot;);&#13;&#10;&#9;&#9;&#9;assert solution == DepthCertBase.Solution.NULL;&#13;&#10;&#9;&#9;}&#13;&#10;&#13;&#10;&#9;&#9;// DEBUG&#13;&#10;&#9;&#9;String vet = &quot; [&quot;;&#13;&#10;&#13;&#10;&#9;&#9;for (int i = 0; i &lt; vector.length; i++) {&#13;&#10;&#9;&#9;&#9;if (i != 0)&#13;&#10;&#9;&#9;&#9;&#9;vet = vet.concat(&quot;,&quot;);&#13;&#10;&#13;&#10;&#9;&#9;&#9;vet = vet.concat(&quot;&quot; + vector[i]);&#13;&#10;&#9;&#9;}&#13;&#10;&#13;&#10;&#9;&#9;vet = vet.concat(&quot;]&quot;);&#13;&#10;&#13;&#10;&#9;&#9;/*String string = vet + &quot; [CURR:&quot; + savedCurrentDepth + &quot; &quot; + solution + &quot; NEXT:&quot; + nextDepth + &quot; L:&quot; + leftLimit&#13;&#10;&#9;&#9;&#9;&#9;+ &quot; R:&quot; + rightLimit + &quot;]&quot;;&#13;&#10;&#13;&#10;&#9;&#9;System.out.println(string);*/&#13;&#10;&#9;}&#13;&#10;&#13;&#10;&#9;@Override&#13;&#10;&#9;public CertifierStatus getCurrentStatus() {&#13;&#10;&#9;&#9;return certifierStatus;&#13;&#10;&#9;}&#13;&#10;}" Filename="PestDepthCertifier.java" Intrnl_Id="1"/>
</SrcFileList>
<CritList>
<CritListEntry Name="org.codecover.model.utils.criteria.ConditionCoverage" PluginName="org.codecover"/>
<CritListEntry Name="org.codecover.model.utils.criteria.BranchCoverage" PluginName="org.codecover"/>
<CritListEntry Name="org.codecover.model.utils.criteria.StatementCoverage" PluginName="org.codecover"/>
</CritList>
<BoolOpList>
<BoolOp Arity="2" Intrnl_Id="2" Name="conditional and (&amp;&amp;)">
<BoolAssgnmntBoolMapList>
<MapEntry BoolAssgnmnt="02" Value="false"/>
<MapEntry BoolAssgnmnt="10" Value="false"/>
<MapEntry BoolAssgnmnt="11" Value="true"/>
</BoolAssgnmntBoolMapList>
</BoolOp>
<BoolOp Arity="1" Intrnl_Id="3" Name="not (!)">
<BoolAssgnmntBoolMapList>
<MapEntry BoolAssgnmnt="1" Value="false"/>
<MapEntry BoolAssgnmnt="0" Value="true"/>
</BoolAssgnmntBoolMapList>
</BoolOp>
</BoolOpList>
<HierarchyLvlTypeList>
<HierarchyLvlType EnglishName="package" IntrnlName="package" Intrnl_Id="4"/>
<HierarchyLvlType EnglishName="method" IntrnlName="method" Intrnl_Id="5"/>
<HierarchyLvlType EnglishName="class" IntrnlName="class" Intrnl_Id="6"/>
<HierarchyLvlType EnglishName="default package" IntrnlName="default package" Intrnl_Id="7"/>
</HierarchyLvlTypeList>
<MASTRoot>
<HierarchyLvl HierarchyLvlId="11" HierarchyLvlTypeId="7" Intrnl_Id="8" Name="default package">
<Header/>
<LocList/>
<HierarchyLvl HierarchyLvlId="10" HierarchyLvlTypeId="4" Intrnl_Id="9" Name="p3d4amb">
<Header/>
<LocList/>
<HierarchyLvl HierarchyLvlId="9" HierarchyLvlTypeId="4" Intrnl_Id="10" Name="sat">
<Header/>
<LocList/>
<HierarchyLvl HierarchyLvlId="8" HierarchyLvlTypeId="4" Intrnl_Id="11" Name="lib">
<Header/>
<LocList/>
<HierarchyLvl HierarchyLvlId="7" HierarchyLvlTypeId="4" Intrnl_Id="12" Name="session">
<Header/>
<LocList/>
<HierarchyLvl HierarchyLvlId="6" HierarchyLvlTypeId="6" Intrnl_Id="13" Name="PestDepthCertifier">
<Header>
<Loc EndOffset="346" SrcFileId="1" StartOffset="293"/>
</Header>
<LocList>
<Loc EndOffset="4890" SrcFileId="1" StartOffset="293"/>
</LocList>
<HierarchyLvl HierarchyLvlId="3" HierarchyLvlTypeId="5" Intrnl_Id="14" Name="PestDepthCertifier">
<Header>
<Loc EndOffset="616" SrcFileId="1" StartOffset="576"/>
</Header>
<LocList>
<Loc EndOffset="987" SrcFileId="1" StartOffset="576"/>
</LocList>
<StmntSeq Intrnl_Id="15">
<LocList>
<Loc EndOffset="662" SrcFileId="1" StartOffset="622"/>
<Loc EndOffset="783" SrcFileId="1" StartOffset="668"/>
<Loc EndOffset="810" SrcFileId="1" StartOffset="789"/>
<Loc EndOffset="836" SrcFileId="1" StartOffset="814"/>
<Loc EndOffset="855" SrcFileId="1" StartOffset="840"/>
<Loc EndOffset="870" SrcFileId="1" StartOffset="859"/>
<Loc EndOffset="902" SrcFileId="1" StartOffset="874"/>
<Loc EndOffset="917" SrcFileId="1" StartOffset="906"/>
<Loc EndOffset="936" SrcFileId="1" StartOffset="921"/>
<Loc EndOffset="983" SrcFileId="1" StartOffset="942"/>
</LocList>
<BasicStmnt CovItemId="S1" CovItemPrefix="p3d4amb.sat.lib.session.PestDepthCertifier.java" Intrnl_Id="16">
<LocList>
<Loc EndOffset="662" SrcFileId="1" StartOffset="622"/>
</LocList>
</BasicStmnt>
<CondStmnt CovItemId="S2" CovItemPrefix="p3d4amb.sat.lib.session.PestDepthCertifier.java" Intrnl_Id="17">
<Branch CovItemId="B1" CovItemPrefix="p3d4amb.sat.lib.session.PestDepthCertifier.java" Implct="false" Intrnl_Id="18">
<Cond/>
<LocList>
<Loc EndOffset="733" SrcFileId="1" StartOffset="692"/>
</LocList>
<StmntSeq Intrnl_Id="19">
<LocList>
<Loc EndOffset="733" SrcFileId="1" StartOffset="692"/>
</LocList>
<BasicStmnt CovItemId="S3" CovItemPrefix="p3d4amb.sat.lib.session.PestDepthCertifier.java" Intrnl_Id="20">
<LocList>
<Loc EndOffset="733" SrcFileId="1" StartOffset="692"/>
</LocList>
</BasicStmnt>
</StmntSeq>
</Branch>
<Branch CovItemId="B2" CovItemPrefix="p3d4amb.sat.lib.session.PestDepthCertifier.java" Implct="false" Intrnl_Id="21">
<Cond>
<Loc EndOffset="741" SrcFileId="1" StartOffset="737"/>
</Cond>
<LocList>
<Loc EndOffset="783" SrcFileId="1" StartOffset="746"/>
</LocList>
<StmntSeq Intrnl_Id="22">
<LocList>
<Loc EndOffset="783" SrcFileId="1" StartOffset="746"/>
</LocList>
<BasicStmnt CovItemId="S4" CovItemPrefix="p3d4amb.sat.lib.session.PestDepthCertifier.java" Intrnl_Id="23">
<LocList>
<Loc EndOffset="783" SrcFileId="1" StartOffset="746"/>
</LocList>
</BasicStmnt>
</StmntSeq>
</Branch>
<Keyword EndOffset="670" SrcFileId="1" StartOffset="668"/>
<LocList>
<Loc EndOffset="783" SrcFileId="1" StartOffset="668"/>
</LocList>
<RootTerm CovItemId="C1" CovItemPrefix="p3d4amb.sat.lib.session.PestDepthCertifier.java" Intrnl_Id="24">
<BasicBoolTerm Intrnl_Id="25">
<LocList>
<Loc EndOffset="686" SrcFileId="1" StartOffset="672"/>
</LocList>
</BasicBoolTerm>
</RootTerm>
</CondStmnt>
<BasicStmnt CovItemId="S5" CovItemPrefix="p3d4amb.sat.lib.session.PestDepthCertifier.java" Intrnl_Id="26">
<LocList>
<Loc EndOffset="810" SrcFileId="1" StartOffset="789"/>
</LocList>
</BasicStmnt>
<BasicStmnt CovItemId="S6" CovItemPrefix="p3d4amb.sat.lib.session.PestDepthCertifier.java" Intrnl_Id="27">
<LocList>
<Loc EndOffset="836" SrcFileId="1" StartOffset="814"/>
</LocList>
</BasicStmnt>
<BasicStmnt CovItemId="S7" CovItemPrefix="p3d4amb.sat.lib.session.PestDepthCertifier.java" Intrnl_Id="28">
<LocList>
<Loc EndOffset="855" SrcFileId="1" StartOffset="840"/>
</LocList>
</BasicStmnt>
<BasicStmnt CovItemId="S8" CovItemPrefix="p3d4amb.sat.lib.session.PestDepthCertifier.java" Intrnl_Id="29">
<LocList>
<Loc EndOffset="870" SrcFileId="1" StartOffset="859"/>
</LocList>
</BasicStmnt>
<BasicStmnt CovItemId="S9" CovItemPrefix="p3d4amb.sat.lib.session.PestDepthCertifier.java" Intrnl_Id="30">
<LocList>
<Loc EndOffset="902" SrcFileId="1" StartOffset="874"/>
</LocList>
</BasicStmnt>
<BasicStmnt CovItemId="S10" CovItemPrefix="p3d4amb.sat.lib.session.PestDepthCertifier.java" Intrnl_Id="31">
<LocList>
<Loc EndOffset="917" SrcFileId="1" StartOffset="906"/>
</LocList>
</BasicStmnt>
<BasicStmnt CovItemId="S11" CovItemPrefix="p3d4amb.sat.lib.session.PestDepthCertifier.java" Intrnl_Id="32">
<LocList>
<Loc EndOffset="936" SrcFileId="1" StartOffset="921"/>
</LocList>
</BasicStmnt>
<BasicStmnt CovItemId="S12" CovItemPrefix="p3d4amb.sat.lib.session.PestDepthCertifier.java" Intrnl_Id="33">
<LocList>
<Loc EndOffset="983" SrcFileId="1" StartOffset="942"/>
</LocList>
</BasicStmnt>
</StmntSeq>
</HierarchyLvl>
<HierarchyLvl HierarchyLvlId="4" HierarchyLvlTypeId="5" Intrnl_Id="34" Name="computeNextDepth">
<Header>
<Loc EndOffset="1067" SrcFileId="1" StartOffset="992"/>
</Header>
<LocList>
<Loc EndOffset="4796" SrcFileId="1" StartOffset="992"/>
</LocList>
<StmntSeq Intrnl_Id="35">
<LocList>
<Loc EndOffset="1126" SrcFileId="1" StartOffset="1073"/>
<Loc EndOffset="4405" SrcFileId="1" StartOffset="1234"/>
<Loc EndOffset="4441" SrcFileId="1" StartOffset="4423"/>
<Loc EndOffset="4577" SrcFileId="1" StartOffset="4447"/>
<Loc EndOffset="4605" SrcFileId="1" StartOffset="4583"/>
</LocList>
<BasicStmnt CovItemId="S13" CovItemPrefix="p3d4amb.sat.lib.session.PestDepthCertifier.java" Intrnl_Id="36">
<LocList>
<Loc EndOffset="1126" SrcFileId="1" StartOffset="1073"/>
</LocList>
</BasicStmnt>
<CondStmnt CovItemId="S14" CovItemPrefix="p3d4amb.sat.lib.session.PestDepthCertifier.java" Intrnl_Id="37">
<Branch CovItemId="B3" CovItemPrefix="p3d4amb.sat.lib.session.PestDepthCertifier.java" Implct="false" Intrnl_Id="38">
<Cond/>
<LocList>
<Loc EndOffset="3176" SrcFileId="1" StartOffset="1292"/>
</LocList>
<StmntSeq Intrnl_Id="39">
<LocList>
<Loc EndOffset="2915" SrcFileId="1" StartOffset="1339"/>
</LocList>
<CondStmnt CovItemId="S15" CovItemPrefix="p3d4amb.sat.lib.session.PestDepthCertifier.java" Intrnl_Id="40">
<Branch CovItemId="B5" CovItemPrefix="p3d4amb.sat.lib.session.PestDepthCertifier.java" Implct="false" Intrnl_Id="41">
<Cond/>
<LocList>
<Loc EndOffset="1505" SrcFileId="1" StartOffset="1443"/>
</LocList>
<StmntSeq Intrnl_Id="42">
<LocList>
<Loc EndOffset="1499" SrcFileId="1" StartOffset="1490"/>
</LocList>
<BasicStmnt CovItemId="S16" CovItemPrefix="p3d4amb.sat.lib.session.PestDepthCertifier.java" Intrnl_Id="43">
<LocList>
<Loc EndOffset="1499" SrcFileId="1" StartOffset="1490"/>
</LocList>
</BasicStmnt>
</StmntSeq>
</Branch>
<Branch CovItemId="B6" CovItemPrefix="p3d4amb.sat.lib.session.PestDepthCertifier.java" Implct="false" Intrnl_Id="44">
<Cond>
<Loc EndOffset="1510" SrcFileId="1" StartOffset="1506"/>
</Cond>
<LocList>
<Loc EndOffset="2915" SrcFileId="1" StartOffset="1511"/>
</LocList>
<StmntSeq Intrnl_Id="45">
<LocList>
<Loc EndOffset="2915" SrcFileId="1" StartOffset="1511"/>
</LocList>
<CondStmnt CovItemId="S17" CovItemPrefix="p3d4amb.sat.lib.session.PestDepthCertifier.java" Intrnl_Id="46">
<Branch CovItemId="B7" CovItemPrefix="p3d4amb.sat.lib.session.PestDepthCertifier.java" Implct="false" Intrnl_Id="47">
<Cond/>
<LocList>
<Loc EndOffset="1729" SrcFileId="1" StartOffset="1622"/>
</LocList>
<StmntSeq Intrnl_Id="48">
<LocList>
<Loc EndOffset="1723" SrcFileId="1" StartOffset="1670"/>
</LocList>
<BasicStmnt CovItemId="S18" CovItemPrefix="p3d4amb.sat.lib.session.PestDepthCertifier.java" Intrnl_Id="49">
<LocList>
<Loc EndOffset="1723" SrcFileId="1" StartOffset="1670"/>
</LocList>
</BasicStmnt>
</StmntSeq>
</Branch>
<Branch CovItemId="B8" CovItemPrefix="p3d4amb.sat.lib.session.PestDepthCertifier.java" Implct="false" Intrnl_Id="50">
<Cond>
<Loc EndOffset="1734" SrcFileId="1" StartOffset="1730"/>
</Cond>
<LocList>
<Loc EndOffset="2915" SrcFileId="1" StartOffset="1735"/>
</LocList>
<StmntSeq Intrnl_Id="51">
<LocList>
<Loc EndOffset="2915" SrcFileId="1" StartOffset="1735"/>
</LocList>
<CondStmnt CovItemId="S19" CovItemPrefix="p3d4amb.sat.lib.session.PestDepthCertifier.java" Intrnl_Id="52">
<Branch CovItemId="B9" CovItemPrefix="p3d4amb.sat.lib.session.PestDepthCertifier.java" Implct="false" Intrnl_Id="53">
<Cond/>
<LocList>
<Loc EndOffset="2323" SrcFileId="1" StartOffset="1781"/>
</LocList>
<StmntSeq Intrnl_Id="54">
<LocList>
<Loc EndOffset="1829" SrcFileId="1" StartOffset="1788"/>
<Loc EndOffset="1930" SrcFileId="1" StartOffset="1884"/>
<Loc EndOffset="1974" SrcFileId="1" StartOffset="1936"/>
<Loc EndOffset="2023" SrcFileId="1" StartOffset="1982"/>
<Loc EndOffset="2056" SrcFileId="1" StartOffset="2029"/>
<Loc EndOffset="2317" SrcFileId="1" StartOffset="2064"/>
</LocList>
<BasicStmnt CovItemId="S20" CovItemPrefix="p3d4amb.sat.lib.session.PestDepthCertifier.java" Intrnl_Id="55">
<LocList>
<Loc EndOffset="1829" SrcFileId="1" StartOffset="1788"/>
</LocList>
</BasicStmnt>
<BasicStmnt CovItemId="S21" CovItemPrefix="p3d4amb.sat.lib.session.PestDepthCertifier.java" Intrnl_Id="56">
<LocList>
<Loc EndOffset="1930" SrcFileId="1" StartOffset="1884"/>
</LocList>
</BasicStmnt>
<BasicStmnt CovItemId="S22" CovItemPrefix="p3d4amb.sat.lib.session.PestDepthCertifier.java" Intrnl_Id="57">
<LocList>
<Loc EndOffset="1974" SrcFileId="1" StartOffset="1936"/>
</LocList>
</BasicStmnt>
<BasicStmnt CovItemId="S23" CovItemPrefix="p3d4amb.sat.lib.session.PestDepthCertifier.java" Intrnl_Id="58">
<LocList>
<Loc EndOffset="2023" SrcFileId="1" StartOffset="1982"/>
</LocList>
</BasicStmnt>
<BasicStmnt CovItemId="S24" CovItemPrefix="p3d4amb.sat.lib.session.PestDepthCertifier.java" Intrnl_Id="59">
<LocList>
<Loc EndOffset="2056" SrcFileId="1" StartOffset="2029"/>
</LocList>
</BasicStmnt>
<CondStmnt CovItemId="S25" CovItemPrefix="p3d4amb.sat.lib.session.PestDepthCertifier.java" Intrnl_Id="60">
<Branch CovItemId="B11" CovItemPrefix="p3d4amb.sat.lib.session.PestDepthCertifier.java" Implct="false" Intrnl_Id="61">
<Cond/>
<LocList>
<Loc EndOffset="2317" SrcFileId="1" StartOffset="2099"/>
</LocList>
<StmntSeq Intrnl_Id="62">
<LocList>
<Loc EndOffset="2123" SrcFileId="1" StartOffset="2107"/>
<Loc EndOffset="2153" SrcFileId="1" StartOffset="2130"/>
<Loc EndOffset="2201" SrcFileId="1" StartOffset="2160"/>
<Loc EndOffset="2310" SrcFileId="1" StartOffset="2264"/>
</LocList>
<BasicStmnt CovItemId="S26" CovItemPrefix="p3d4amb.sat.lib.session.PestDepthCertifier.java" Intrnl_Id="63">
<LocList>
<Loc EndOffset="2123" SrcFileId="1" StartOffset="2107"/>
</LocList>
</BasicStmnt>
<BasicStmnt CovItemId="S27" CovItemPrefix="p3d4amb.sat.lib.session.PestDepthCertifier.java" Intrnl_Id="64">
<LocList>
<Loc EndOffset="2153" SrcFileId="1" StartOffset="2130"/>
</LocList>
</BasicStmnt>
<BasicStmnt CovItemId="S28" CovItemPrefix="p3d4amb.sat.lib.session.PestDepthCertifier.java" Intrnl_Id="65">
<LocList>
<Loc EndOffset="2201" SrcFileId="1" StartOffset="2160"/>
</LocList>
</BasicStmnt>
<CondStmnt CovItemId="S29" CovItemPrefix="p3d4amb.sat.lib.session.PestDepthCertifier.java" Intrnl_Id="66">
<Branch CovItemId="B13" CovItemPrefix="p3d4amb.sat.lib.session.PestDepthCertifier.java" Implct="false" Intrnl_Id="67">
<Cond/>
<LocList>
<Loc EndOffset="2310" SrcFileId="1" StartOffset="2292"/>
</LocList>
<StmntSeq Intrnl_Id="68">
<LocList>
<Loc EndOffset="2310" SrcFileId="1" StartOffset="2292"/>
</LocList>
<BasicStmnt CovItemId="S30" CovItemPrefix="p3d4amb.sat.lib.session.PestDepthCertifier.java" Intrnl_Id="69">
<LocList>
<Loc EndOffset="2310" SrcFileId="1" StartOffset="2292"/>
</LocList>
</BasicStmnt>
</StmntSeq>
</Branch>
<Branch CovItemId="B14" CovItemPrefix="p3d4amb.sat.lib.session.PestDepthCertifier.java" Implct="true" Intrnl_Id="70">
<Cond/>
<LocList/>
<StmntSeq Intrnl_Id="71">
<LocList/>
</StmntSeq>
</Branch>
<Keyword EndOffset="2266" SrcFileId="1" StartOffset="2264"/>
<LocList>
<Loc EndOffset="2310" SrcFileId="1" StartOffset="2264"/>
</LocList>
<RootTerm CovItemId="C7" CovItemPrefix="p3d4amb.sat.lib.session.PestDepthCertifier.java" Intrnl_Id="72">
<BasicBoolTerm Intrnl_Id="73">
<LocList>
<Loc EndOffset="2283" SrcFileId="1" StartOffset="2268"/>
</LocList>
</BasicBoolTerm>
</RootTerm>
</CondStmnt>
</StmntSeq>
</Branch>
<Branch CovItemId="B12" CovItemPrefix="p3d4amb.sat.lib.session.PestDepthCertifier.java" Implct="true" Intrnl_Id="74">
<Cond/>
<LocList/>
<StmntSeq Intrnl_Id="75">
<LocList/>
</StmntSeq>
</Branch>
<Keyword EndOffset="2066" SrcFileId="1" StartOffset="2064"/>
<LocList>
<Loc EndOffset="2317" SrcFileId="1" StartOffset="2064"/>
</LocList>
<RootTerm CovItemId="C6" CovItemPrefix="p3d4amb.sat.lib.session.PestDepthCertifier.java" Intrnl_Id="76">
<BasicBoolTerm Intrnl_Id="77">
<LocList>
<Loc EndOffset="2097" SrcFileId="1" StartOffset="2068"/>
</LocList>
</BasicBoolTerm>
</RootTerm>
</CondStmnt>
</StmntSeq>
</Branch>
<Branch CovItemId="B10" CovItemPrefix="p3d4amb.sat.lib.session.PestDepthCertifier.java" Implct="false" Intrnl_Id="78">
<Cond>
<Loc EndOffset="2328" SrcFileId="1" StartOffset="2324"/>
</Cond>
<LocList>
<Loc EndOffset="2915" SrcFileId="1" StartOffset="2329"/>
</LocList>
<StmntSeq Intrnl_Id="79">
<LocList>
<Loc EndOffset="2915" SrcFileId="1" StartOffset="2329"/>
</LocList>
<CondStmnt CovItemId="S31" CovItemPrefix="p3d4amb.sat.lib.session.PestDepthCertifier.java" Intrnl_Id="80">
<Branch CovItemId="B15" CovItemPrefix="p3d4amb.sat.lib.session.PestDepthCertifier.java" Implct="false" Intrnl_Id="81">
<Cond/>
<LocList>
<Loc EndOffset="2915" SrcFileId="1" StartOffset="2375"/>
</LocList>
<StmntSeq Intrnl_Id="82">
<LocList>
<Loc EndOffset="2424" SrcFileId="1" StartOffset="2382"/>
<Loc EndOffset="2522" SrcFileId="1" StartOffset="2476"/>
<Loc EndOffset="2565" SrcFileId="1" StartOffset="2528"/>
<Loc EndOffset="2614" SrcFileId="1" StartOffset="2573"/>
<Loc EndOffset="2648" SrcFileId="1" StartOffset="2620"/>
<Loc EndOffset="2909" SrcFileId="1" StartOffset="2656"/>
</LocList>
<BasicStmnt CovItemId="S32" CovItemPrefix="p3d4amb.sat.lib.session.PestDepthCertifier.java" Intrnl_Id="83">
<LocList>
<Loc EndOffset="2424" SrcFileId="1" StartOffset="2382"/>
</LocList>
</BasicStmnt>
<BasicStmnt CovItemId="S33" CovItemPrefix="p3d4amb.sat.lib.session.PestDepthCertifier.java" Intrnl_Id="84">
<LocList>
<Loc EndOffset="2522" SrcFileId="1" StartOffset="2476"/>
</LocList>
</BasicStmnt>
<BasicStmnt CovItemId="S34" CovItemPrefix="p3d4amb.sat.lib.session.PestDepthCertifier.java" Intrnl_Id="85">
<LocList>
<Loc EndOffset="2565" SrcFileId="1" StartOffset="2528"/>
</LocList>
</BasicStmnt>
<BasicStmnt CovItemId="S35" CovItemPrefix="p3d4amb.sat.lib.session.PestDepthCertifier.java" Intrnl_Id="86">
<LocList>
<Loc EndOffset="2614" SrcFileId="1" StartOffset="2573"/>
</LocList>
</BasicStmnt>
<BasicStmnt CovItemId="S36" CovItemPrefix="p3d4amb.sat.lib.session.PestDepthCertifier.java" Intrnl_Id="87">
<LocList>
<Loc EndOffset="2648" SrcFileId="1" StartOffset="2620"/>
</LocList>
</BasicStmnt>
<CondStmnt CovItemId="S37" CovItemPrefix="p3d4amb.sat.lib.session.PestDepthCertifier.java" Intrnl_Id="88">
<Branch CovItemId="B17" CovItemPrefix="p3d4amb.sat.lib.session.PestDepthCertifier.java" Implct="false" Intrnl_Id="89">
<Cond/>
<LocList>
<Loc EndOffset="2909" SrcFileId="1" StartOffset="2691"/>
</LocList>
<StmntSeq Intrnl_Id="90">
<LocList>
<Loc EndOffset="2715" SrcFileId="1" StartOffset="2699"/>
<Loc EndOffset="2745" SrcFileId="1" StartOffset="2722"/>
<Loc EndOffset="2793" SrcFileId="1" StartOffset="2752"/>
<Loc EndOffset="2902" SrcFileId="1" StartOffset="2856"/>
</LocList>
<BasicStmnt CovItemId="S38" CovItemPrefix="p3d4amb.sat.lib.session.PestDepthCertifier.java" Intrnl_Id="91">
<LocList>
<Loc EndOffset="2715" SrcFileId="1" StartOffset="2699"/>
</LocList>
</BasicStmnt>
<BasicStmnt CovItemId="S39" CovItemPrefix="p3d4amb.sat.lib.session.PestDepthCertifier.java" Intrnl_Id="92">
<LocList>
<Loc EndOffset="2745" SrcFileId="1" StartOffset="2722"/>
</LocList>
</BasicStmnt>
<BasicStmnt CovItemId="S40" CovItemPrefix="p3d4amb.sat.lib.session.PestDepthCertifier.java" Intrnl_Id="93">
<LocList>
<Loc EndOffset="2793" SrcFileId="1" StartOffset="2752"/>
</LocList>
</BasicStmnt>
<CondStmnt CovItemId="S41" CovItemPrefix="p3d4amb.sat.lib.session.PestDepthCertifier.java" Intrnl_Id="94">
<Branch CovItemId="B19" CovItemPrefix="p3d4amb.sat.lib.session.PestDepthCertifier.java" Implct="false" Intrnl_Id="95">
<Cond/>
<LocList>
<Loc EndOffset="2902" SrcFileId="1" StartOffset="2884"/>
</LocList>
<StmntSeq Intrnl_Id="96">
<LocList>
<Loc EndOffset="2902" SrcFileId="1" StartOffset="2884"/>
</LocList>
<BasicStmnt CovItemId="S42" CovItemPrefix="p3d4amb.sat.lib.session.PestDepthCertifier.java" Intrnl_Id="97">
<LocList>
<Loc EndOffset="2902" SrcFileId="1" StartOffset="2884"/>
</LocList>
</BasicStmnt>
</StmntSeq>
</Branch>
<Branch CovItemId="B20" CovItemPrefix="p3d4amb.sat.lib.session.PestDepthCertifier.java" Implct="true" Intrnl_Id="98">
<Cond/>
<LocList/>
<StmntSeq Intrnl_Id="99">
<LocList/>
</StmntSeq>
</Branch>
<Keyword EndOffset="2858" SrcFileId="1" StartOffset="2856"/>
<LocList>
<Loc EndOffset="2902" SrcFileId="1" StartOffset="2856"/>
</LocList>
<RootTerm CovItemId="C10" CovItemPrefix="p3d4amb.sat.lib.session.PestDepthCertifier.java" Intrnl_Id="100">
<BasicBoolTerm Intrnl_Id="101">
<LocList>
<Loc EndOffset="2875" SrcFileId="1" StartOffset="2860"/>
</LocList>
</BasicBoolTerm>
</RootTerm>
</CondStmnt>
</StmntSeq>
</Branch>
<Branch CovItemId="B18" CovItemPrefix="p3d4amb.sat.lib.session.PestDepthCertifier.java" Implct="true" Intrnl_Id="102">
<Cond/>
<LocList/>
<StmntSeq Intrnl_Id="103">
<LocList/>
</StmntSeq>
</Branch>
<Keyword EndOffset="2658" SrcFileId="1" StartOffset="2656"/>
<LocList>
<Loc EndOffset="2909" SrcFileId="1" StartOffset="2656"/>
</LocList>
<RootTerm CovItemId="C9" CovItemPrefix="p3d4amb.sat.lib.session.PestDepthCertifier.java" Intrnl_Id="104">
<BasicBoolTerm Intrnl_Id="105">
<LocList>
<Loc EndOffset="2689" SrcFileId="1" StartOffset="2660"/>
</LocList>
</BasicBoolTerm>
</RootTerm>
</CondStmnt>
</StmntSeq>
</Branch>
<Branch CovItemId="B16" CovItemPrefix="p3d4amb.sat.lib.session.PestDepthCertifier.java" Implct="true" Intrnl_Id="106">
<Cond/>
<LocList/>
<StmntSeq Intrnl_Id="107">
<LocList/>
</StmntSeq>
</Branch>
<Keyword EndOffset="2331" SrcFileId="1" StartOffset="2329"/>
<LocList>
<Loc EndOffset="2915" SrcFileId="1" StartOffset="2329"/>
</LocList>
<RootTerm CovItemId="C8" CovItemPrefix="p3d4amb.sat.lib.session.PestDepthCertifier.java" Intrnl_Id="108">
<BasicBoolTerm Intrnl_Id="109">
<LocList>
<Loc EndOffset="2373" SrcFileId="1" StartOffset="2333"/>
</LocList>
</BasicBoolTerm>
</RootTerm>
</CondStmnt>
</StmntSeq>
</Branch>
<Keyword EndOffset="1737" SrcFileId="1" StartOffset="1735"/>
<LocList>
<Loc EndOffset="2915" SrcFileId="1" StartOffset="1735"/>
</LocList>
<RootTerm CovItemId="C5" CovItemPrefix="p3d4amb.sat.lib.session.PestDepthCertifier.java" Intrnl_Id="110">
<BasicBoolTerm Intrnl_Id="111">
<LocList>
<Loc EndOffset="1779" SrcFileId="1" StartOffset="1739"/>
</LocList>
</BasicBoolTerm>
</RootTerm>
</CondStmnt>
</StmntSeq>
</Branch>
<Keyword EndOffset="1513" SrcFileId="1" StartOffset="1511"/>
<LocList>
<Loc EndOffset="2915" SrcFileId="1" StartOffset="1511"/>
</LocList>
<RootTerm CovItemId="C4" CovItemPrefix="p3d4amb.sat.lib.session.PestDepthCertifier.java" Intrnl_Id="112">
<OpTerm BooleanOpId="2" Intrnl_Id="113">
<OpTerm BooleanOpId="2" Intrnl_Id="114">
<BasicBoolTerm Intrnl_Id="115">
<LocList>
<Loc EndOffset="1555" SrcFileId="1" StartOffset="1515"/>
</LocList>
</BasicBoolTerm>
<BasicBoolTerm Intrnl_Id="116">
<LocList>
<Loc EndOffset="1570" SrcFileId="1" StartOffset="1559"/>
</LocList>
</BasicBoolTerm>
<LocList>
<Loc EndOffset="1558" SrcFileId="1" StartOffset="1556"/>
</LocList>
</OpTerm>
<BasicBoolTerm Intrnl_Id="117">
<LocList>
<Loc EndOffset="1620" SrcFileId="1" StartOffset="1580"/>
</LocList>
</BasicBoolTerm>
<LocList>
<Loc EndOffset="1579" SrcFileId="1" StartOffset="1577"/>
</LocList>
</OpTerm>
</RootTerm>
</CondStmnt>
</StmntSeq>
</Branch>
<Keyword EndOffset="1341" SrcFileId="1" StartOffset="1339"/>
<LocList>
<Loc EndOffset="2915" SrcFileId="1" StartOffset="1339"/>
</LocList>
<RootTerm CovItemId="C3" CovItemPrefix="p3d4amb.sat.lib.session.PestDepthCertifier.java" Intrnl_Id="118">
<OpTerm BooleanOpId="2" Intrnl_Id="119">
<OpTerm BooleanOpId="2" Intrnl_Id="120">
<BasicBoolTerm Intrnl_Id="121">
<LocList>
<Loc EndOffset="1383" SrcFileId="1" StartOffset="1343"/>
</LocList>
</BasicBoolTerm>
<BasicBoolTerm Intrnl_Id="122">
<LocList>
<Loc EndOffset="1397" SrcFileId="1" StartOffset="1387"/>
</LocList>
</BasicBoolTerm>
<LocList>
<Loc EndOffset="1386" SrcFileId="1" StartOffset="1384"/>
</LocList>
</OpTerm>
<BasicBoolTerm Intrnl_Id="123">
<LocList>
<Loc EndOffset="1441" SrcFileId="1" StartOffset="1401"/>
</LocList>
</BasicBoolTerm>
<LocList>
<Loc EndOffset="1400" SrcFileId="1" StartOffset="1398"/>
</LocList>
</OpTerm>
</RootTerm>
</CondStmnt>
</StmntSeq>
</Branch>
<Branch CovItemId="B4" CovItemPrefix="p3d4amb.sat.lib.session.PestDepthCertifier.java" Implct="false" Intrnl_Id="124">
<Cond>
<Loc EndOffset="3181" SrcFileId="1" StartOffset="3177"/>
</Cond>
<LocList>
<Loc EndOffset="4405" SrcFileId="1" StartOffset="3182"/>
</LocList>
<StmntSeq Intrnl_Id="125">
<LocList>
<Loc EndOffset="4405" SrcFileId="1" StartOffset="3182"/>
</LocList>
<CondStmnt CovItemId="S43" CovItemPrefix="p3d4amb.sat.lib.session.PestDepthCertifier.java" Intrnl_Id="126">
<Branch CovItemId="B21" CovItemPrefix="p3d4amb.sat.lib.session.PestDepthCertifier.java" Implct="false" Intrnl_Id="127">
<Cond/>
<LocList>
<Loc EndOffset="4295" SrcFileId="1" StartOffset="3241"/>
</LocList>
<StmntSeq Intrnl_Id="128">
<LocList>
<Loc EndOffset="3620" SrcFileId="1" StartOffset="3288"/>
<Loc EndOffset="4290" SrcFileId="1" StartOffset="3670"/>
</LocList>
<CondStmnt CovItemId="S44" CovItemPrefix="p3d4amb.sat.lib.session.PestDepthCertifier.java" Intrnl_Id="129">
<Branch CovItemId="B23" CovItemPrefix="p3d4amb.sat.lib.session.PestDepthCertifier.java" Implct="false" Intrnl_Id="130">
<Cond/>
<LocList>
<Loc EndOffset="3421" SrcFileId="1" StartOffset="3334"/>
</LocList>
<StmntSeq Intrnl_Id="131">
<LocList>
<Loc EndOffset="3368" SrcFileId="1" StartOffset="3341"/>
<Loc EndOffset="3415" SrcFileId="1" StartOffset="3374"/>
</LocList>
<BasicStmnt CovItemId="S45" CovItemPrefix="p3d4amb.sat.lib.session.PestDepthCertifier.java" Intrnl_Id="132">
<LocList>
<Loc EndOffset="3368" SrcFileId="1" StartOffset="3341"/>
</LocList>
</BasicStmnt>
<BasicStmnt CovItemId="S46" CovItemPrefix="p3d4amb.sat.lib.session.PestDepthCertifier.java" Intrnl_Id="133">
<LocList>
<Loc EndOffset="3415" SrcFileId="1" StartOffset="3374"/>
</LocList>
</BasicStmnt>
</StmntSeq>
</Branch>
<Branch CovItemId="B24" CovItemPrefix="p3d4amb.sat.lib.session.PestDepthCertifier.java" Implct="false" Intrnl_Id="134">
<Cond>
<Loc EndOffset="3426" SrcFileId="1" StartOffset="3422"/>
</Cond>
<LocList>
<Loc EndOffset="3620" SrcFileId="1" StartOffset="3427"/>
</LocList>
<StmntSeq Intrnl_Id="135">
<LocList>
<Loc EndOffset="3620" SrcFileId="1" StartOffset="3427"/>
</LocList>
<CondStmnt CovItemId="S47" CovItemPrefix="p3d4amb.sat.lib.session.PestDepthCertifier.java" Intrnl_Id="136">
<Branch CovItemId="B25" CovItemPrefix="p3d4amb.sat.lib.session.PestDepthCertifier.java" Implct="false" Intrnl_Id="137">
<Cond/>
<LocList>
<Loc EndOffset="3620" SrcFileId="1" StartOffset="3473"/>
</LocList>
<StmntSeq Intrnl_Id="138">
<LocList>
<Loc EndOffset="3541" SrcFileId="1" StartOffset="3509"/>
<Loc EndOffset="3567" SrcFileId="1" StartOffset="3547"/>
<Loc EndOffset="3614" SrcFileId="1" StartOffset="3573"/>
</LocList>
<BasicStmnt CovItemId="S48" CovItemPrefix="p3d4amb.sat.lib.session.PestDepthCertifier.java" Intrnl_Id="139">
<LocList>
<Loc EndOffset="3541" SrcFileId="1" StartOffset="3509"/>
</LocList>
</BasicStmnt>
<BasicStmnt CovItemId="S49" CovItemPrefix="p3d4amb.sat.lib.session.PestDepthCertifier.java" Intrnl_Id="140">
<LocList>
<Loc EndOffset="3567" SrcFileId="1" StartOffset="3547"/>
</LocList>
</BasicStmnt>
<BasicStmnt CovItemId="S50" CovItemPrefix="p3d4amb.sat.lib.session.PestDepthCertifier.java" Intrnl_Id="141">
<LocList>
<Loc EndOffset="3614" SrcFileId="1" StartOffset="3573"/>
</LocList>
</BasicStmnt>
</StmntSeq>
</Branch>
<Branch CovItemId="B26" CovItemPrefix="p3d4amb.sat.lib.session.PestDepthCertifier.java" Implct="true" Intrnl_Id="142">
<Cond/>
<LocList/>
<StmntSeq Intrnl_Id="143">
<LocList/>
</StmntSeq>
</Branch>
<Keyword EndOffset="3429" SrcFileId="1" StartOffset="3427"/>
<LocList>
<Loc EndOffset="3620" SrcFileId="1" StartOffset="3427"/>
</LocList>
<RootTerm CovItemId="C13" CovItemPrefix="p3d4amb.sat.lib.session.PestDepthCertifier.java" Intrnl_Id="144">
<BasicBoolTerm Intrnl_Id="145">
<LocList>
<Loc EndOffset="3471" SrcFileId="1" StartOffset="3431"/>
</LocList>
</BasicBoolTerm>
</RootTerm>
</CondStmnt>
</StmntSeq>
</Branch>
<Keyword EndOffset="3290" SrcFileId="1" StartOffset="3288"/>
<LocList>
<Loc EndOffset="3620" SrcFileId="1" StartOffset="3288"/>
</LocList>
<RootTerm CovItemId="C12" CovItemPrefix="p3d4amb.sat.lib.session.PestDepthCertifier.java" Intrnl_Id="146">
<BasicBoolTerm Intrnl_Id="147">
<LocList>
<Loc EndOffset="3332" SrcFileId="1" StartOffset="3292"/>
</LocList>
</BasicBoolTerm>
</RootTerm>
</CondStmnt>
<CondStmnt CovItemId="S51" CovItemPrefix="p3d4amb.sat.lib.session.PestDepthCertifier.java" Intrnl_Id="148">
<Branch CovItemId="B27" CovItemPrefix="p3d4amb.sat.lib.session.PestDepthCertifier.java" Implct="false" Intrnl_Id="149">
<Cond/>
<LocList>
<Loc EndOffset="3845" SrcFileId="1" StartOffset="3702"/>
</LocList>
<StmntSeq Intrnl_Id="150">
<LocList>
<Loc EndOffset="3792" SrcFileId="1" StartOffset="3743"/>
<Loc EndOffset="3839" SrcFileId="1" StartOffset="3798"/>
</LocList>
<BasicStmnt CovItemId="S52" CovItemPrefix="p3d4amb.sat.lib.session.PestDepthCertifier.java" Intrnl_Id="151">
<LocList>
<Loc EndOffset="3792" SrcFileId="1" StartOffset="3743"/>
</LocList>
</BasicStmnt>
<BasicStmnt CovItemId="S53" CovItemPrefix="p3d4amb.sat.lib.session.PestDepthCertifier.java" Intrnl_Id="152">
<LocList>
<Loc EndOffset="3839" SrcFileId="1" StartOffset="3798"/>
</LocList>
</BasicStmnt>
</StmntSeq>
</Branch>
<Branch CovItemId="B28" CovItemPrefix="p3d4amb.sat.lib.session.PestDepthCertifier.java" Implct="false" Intrnl_Id="153">
<Cond>
<Loc EndOffset="3850" SrcFileId="1" StartOffset="3846"/>
</Cond>
<LocList>
<Loc EndOffset="4290" SrcFileId="1" StartOffset="3851"/>
</LocList>
<StmntSeq Intrnl_Id="154">
<LocList>
<Loc EndOffset="4290" SrcFileId="1" StartOffset="3851"/>
</LocList>
<CondStmnt CovItemId="S54" CovItemPrefix="p3d4amb.sat.lib.session.PestDepthCertifier.java" Intrnl_Id="155">
<Branch CovItemId="B29" CovItemPrefix="p3d4amb.sat.lib.session.PestDepthCertifier.java" Implct="false" Intrnl_Id="156">
<Cond/>
<LocList>
<Loc EndOffset="4046" SrcFileId="1" StartOffset="3912"/>
</LocList>
<StmntSeq Intrnl_Id="157">
<LocList>
<Loc EndOffset="3976" SrcFileId="1" StartOffset="3964"/>
<Loc EndOffset="3993" SrcFileId="1" StartOffset="3982"/>
<Loc EndOffset="4040" SrcFileId="1" StartOffset="3999"/>
</LocList>
<BasicStmnt CovItemId="S55" CovItemPrefix="p3d4amb.sat.lib.session.PestDepthCertifier.java" Intrnl_Id="158">
<LocList>
<Loc EndOffset="3976" SrcFileId="1" StartOffset="3964"/>
</LocList>
</BasicStmnt>
<BasicStmnt CovItemId="S56" CovItemPrefix="p3d4amb.sat.lib.session.PestDepthCertifier.java" Intrnl_Id="159">
<LocList>
<Loc EndOffset="3993" SrcFileId="1" StartOffset="3982"/>
</LocList>
</BasicStmnt>
<BasicStmnt CovItemId="S57" CovItemPrefix="p3d4amb.sat.lib.session.PestDepthCertifier.java" Intrnl_Id="160">
<LocList>
<Loc EndOffset="4040" SrcFileId="1" StartOffset="3999"/>
</LocList>
</BasicStmnt>
</StmntSeq>
</Branch>
<Branch CovItemId="B30" CovItemPrefix="p3d4amb.sat.lib.session.PestDepthCertifier.java" Implct="false" Intrnl_Id="161">
<Cond>
<Loc EndOffset="4051" SrcFileId="1" StartOffset="4047"/>
</Cond>
<LocList>
<Loc EndOffset="4290" SrcFileId="1" StartOffset="4052"/>
</LocList>
<StmntSeq Intrnl_Id="162">
<LocList>
<Loc EndOffset="4290" SrcFileId="1" StartOffset="4052"/>
</LocList>
<CondStmnt CovItemId="S58" CovItemPrefix="p3d4amb.sat.lib.session.PestDepthCertifier.java" Intrnl_Id="163">
<Branch CovItemId="B31" CovItemPrefix="p3d4amb.sat.lib.session.PestDepthCertifier.java" Implct="false" Intrnl_Id="164">
<Cond/>
<LocList>
<Loc EndOffset="4290" SrcFileId="1" StartOffset="4114"/>
</LocList>
<StmntSeq Intrnl_Id="165">
<LocList>
<Loc EndOffset="4237" SrcFileId="1" StartOffset="4184"/>
<Loc EndOffset="4284" SrcFileId="1" StartOffset="4243"/>
</LocList>
<BasicStmnt CovItemId="S59" CovItemPrefix="p3d4amb.sat.lib.session.PestDepthCertifier.java" Intrnl_Id="166">
<LocList>
<Loc EndOffset="4237" SrcFileId="1" StartOffset="4184"/>
</LocList>
</BasicStmnt>
<BasicStmnt CovItemId="S60" CovItemPrefix="p3d4amb.sat.lib.session.PestDepthCertifier.java" Intrnl_Id="167">
<LocList>
<Loc EndOffset="4284" SrcFileId="1" StartOffset="4243"/>
</LocList>
</BasicStmnt>
</StmntSeq>
</Branch>
<Branch CovItemId="B32" CovItemPrefix="p3d4amb.sat.lib.session.PestDepthCertifier.java" Implct="true" Intrnl_Id="168">
<Cond/>
<LocList/>
<StmntSeq Intrnl_Id="169">
<LocList/>
</StmntSeq>
</Branch>
<Keyword EndOffset="4054" SrcFileId="1" StartOffset="4052"/>
<LocList>
<Loc EndOffset="4290" SrcFileId="1" StartOffset="4052"/>
</LocList>
<RootTerm CovItemId="C16" CovItemPrefix="p3d4amb.sat.lib.session.PestDepthCertifier.java" Intrnl_Id="170">
<OpTerm BooleanOpId="2" Intrnl_Id="171">
<BasicBoolTerm Intrnl_Id="172">
<LocList>
<Loc EndOffset="4084" SrcFileId="1" StartOffset="4057"/>
</LocList>
</BasicBoolTerm>
<BasicBoolTerm Intrnl_Id="173">
<LocList>
<Loc EndOffset="4111" SrcFileId="1" StartOffset="4090"/>
</LocList>
</BasicBoolTerm>
<LocList>
<Loc EndOffset="4088" SrcFileId="1" StartOffset="4086"/>
</LocList>
</OpTerm>
</RootTerm>
</CondStmnt>
</StmntSeq>
</Branch>
<Keyword EndOffset="3853" SrcFileId="1" StartOffset="3851"/>
<LocList>
<Loc EndOffset="4290" SrcFileId="1" StartOffset="3851"/>
</LocList>
<RootTerm CovItemId="C15" CovItemPrefix="p3d4amb.sat.lib.session.PestDepthCertifier.java" Intrnl_Id="174">
<OpTerm BooleanOpId="2" Intrnl_Id="175">
<BasicBoolTerm Intrnl_Id="176">
<LocList>
<Loc EndOffset="3883" SrcFileId="1" StartOffset="3856"/>
</LocList>
</BasicBoolTerm>
<BasicBoolTerm Intrnl_Id="177">
<LocList>
<Loc EndOffset="3909" SrcFileId="1" StartOffset="3889"/>
</LocList>
</BasicBoolTerm>
<LocList>
<Loc EndOffset="3887" SrcFileId="1" StartOffset="3885"/>
</LocList>
</OpTerm>
</RootTerm>
</CondStmnt>
</StmntSeq>
</Branch>
<Keyword EndOffset="3672" SrcFileId="1" StartOffset="3670"/>
<LocList>
<Loc EndOffset="4290" SrcFileId="1" StartOffset="3670"/>
</LocList>
<RootTerm CovItemId="C14" CovItemPrefix="p3d4amb.sat.lib.session.PestDepthCertifier.java" Intrnl_Id="178">
<BasicBoolTerm Intrnl_Id="179">
<LocList>
<Loc EndOffset="3700" SrcFileId="1" StartOffset="3674"/>
</LocList>
</BasicBoolTerm>
</RootTerm>
</CondStmnt>
</StmntSeq>
</Branch>
<Branch CovItemId="B22" CovItemPrefix="p3d4amb.sat.lib.session.PestDepthCertifier.java" Implct="false" Intrnl_Id="180">
<Cond>
<Loc EndOffset="4300" SrcFileId="1" StartOffset="4296"/>
</Cond>
<LocList>
<Loc EndOffset="4405" SrcFileId="1" StartOffset="4301"/>
</LocList>
<StmntSeq Intrnl_Id="181">
<LocList>
<Loc EndOffset="4348" SrcFileId="1" StartOffset="4307"/>
</LocList>
<BasicStmnt CovItemId="S61" CovItemPrefix="p3d4amb.sat.lib.session.PestDepthCertifier.java" Intrnl_Id="182">
<LocList>
<Loc EndOffset="4348" SrcFileId="1" StartOffset="4307"/>
</LocList>
</BasicStmnt>
</StmntSeq>
</Branch>
<Keyword EndOffset="3184" SrcFileId="1" StartOffset="3182"/>
<LocList>
<Loc EndOffset="4405" SrcFileId="1" StartOffset="3182"/>
</LocList>
<RootTerm CovItemId="C11" CovItemPrefix="p3d4amb.sat.lib.session.PestDepthCertifier.java" Intrnl_Id="183">
<OpTerm BooleanOpId="2" Intrnl_Id="184">
<OpTerm BooleanOpId="3" Intrnl_Id="185">
<BasicBoolTerm Intrnl_Id="186">
<LocList>
<Loc EndOffset="3194" SrcFileId="1" StartOffset="3187"/>
</LocList>
</BasicBoolTerm>
<LocList>
<Loc EndOffset="3187" SrcFileId="1" StartOffset="3186"/>
</LocList>
</OpTerm>
<BasicBoolTerm Intrnl_Id="187">
<LocList>
<Loc EndOffset="3238" SrcFileId="1" StartOffset="3199"/>
</LocList>
</BasicBoolTerm>
<LocList>
<Loc EndOffset="3197" SrcFileId="1" StartOffset="3195"/>
</LocList>
</OpTerm>
</RootTerm>
</CondStmnt>
</StmntSeq>
</Branch>
<Keyword EndOffset="1236" SrcFileId="1" StartOffset="1234"/>
<LocList>
<Loc EndOffset="4405" SrcFileId="1" StartOffset="1234"/>
</LocList>
<RootTerm CovItemId="C2" CovItemPrefix="p3d4amb.sat.lib.session.PestDepthCertifier.java" Intrnl_Id="188">
<OpTerm BooleanOpId="2" Intrnl_Id="189">
<BasicBoolTerm Intrnl_Id="190">
<LocList>
<Loc EndOffset="1245" SrcFileId="1" StartOffset="1238"/>
</LocList>
</BasicBoolTerm>
<BasicBoolTerm Intrnl_Id="191">
<LocList>
<Loc EndOffset="1289" SrcFileId="1" StartOffset="1250"/>
</LocList>
</BasicBoolTerm>
<LocList>
<Loc EndOffset="1248" SrcFileId="1" StartOffset="1246"/>
</LocList>
</OpTerm>
</RootTerm>
</CondStmnt>
<BasicStmnt CovItemId="S62" CovItemPrefix="p3d4amb.sat.lib.session.PestDepthCertifier.java" Intrnl_Id="192">
<LocList>
<Loc EndOffset="4441" SrcFileId="1" StartOffset="4423"/>
</LocList>
</BasicStmnt>
<LoopStmnt CovItemId="S63" CovItemPrefix="p3d4amb.sat.lib.session.PestDepthCertifier.java" Intrnl_Id="193" MltplExecId="L1-2" MltplExecPrefix="p3d4amb.sat.lib.session.PestDepthCertifier.java" NvrExecId="L1-0" NvrExecPrefix="p3d4amb.sat.lib.session.PestDepthCertifier.java" OnceExecutedId="L1-1" OnceExecutedPrefix="p3d4amb.sat.lib.session.PestDepthCertifier.java" OptBodyExec="true">
<StmntSeq Intrnl_Id="194">
<LocList>
<Loc EndOffset="4532" SrcFileId="1" StartOffset="4493"/>
<Loc EndOffset="4572" SrcFileId="1" StartOffset="4539"/>
</LocList>
<CondStmnt CovItemId="S64" CovItemPrefix="p3d4amb.sat.lib.session.PestDepthCertifier.java" Intrnl_Id="195">
<Branch CovItemId="B33" CovItemPrefix="p3d4amb.sat.lib.session.PestDepthCertifier.java" Implct="false" Intrnl_Id="196">
<Cond/>
<LocList>
<Loc EndOffset="4532" SrcFileId="1" StartOffset="4510"/>
</LocList>
<StmntSeq Intrnl_Id="197">
<LocList>
<Loc EndOffset="4532" SrcFileId="1" StartOffset="4510"/>
</LocList>
<BasicStmnt CovItemId="S65" CovItemPrefix="p3d4amb.sat.lib.session.PestDepthCertifier.java" Intrnl_Id="198">
<LocList>
<Loc EndOffset="4532" SrcFileId="1" StartOffset="4510"/>
</LocList>
</BasicStmnt>
</StmntSeq>
</Branch>
<Branch CovItemId="B34" CovItemPrefix="p3d4amb.sat.lib.session.PestDepthCertifier.java" Implct="true" Intrnl_Id="199">
<Cond/>
<LocList/>
<StmntSeq Intrnl_Id="200">
<LocList/>
</StmntSeq>
</Branch>
<Keyword EndOffset="4495" SrcFileId="1" StartOffset="4493"/>
<LocList>
<Loc EndOffset="4532" SrcFileId="1" StartOffset="4493"/>
</LocList>
<RootTerm CovItemId="C18" CovItemPrefix="p3d4amb.sat.lib.session.PestDepthCertifier.java" Intrnl_Id="201">
<BasicBoolTerm Intrnl_Id="202">
<LocList>
<Loc EndOffset="4503" SrcFileId="1" StartOffset="4497"/>
</LocList>
</BasicBoolTerm>
</RootTerm>
</CondStmnt>
<BasicStmnt CovItemId="S66" CovItemPrefix="p3d4amb.sat.lib.session.PestDepthCertifier.java" Intrnl_Id="203">
<LocList>
<Loc EndOffset="4572" SrcFileId="1" StartOffset="4539"/>
</LocList>
</BasicStmnt>
</StmntSeq>
<Keyword EndOffset="4450" SrcFileId="1" StartOffset="4447"/>
<LocList>
<Loc EndOffset="4577" SrcFileId="1" StartOffset="4447"/>
</LocList>
<RootTerm CovItemId="C17" CovItemPrefix="p3d4amb.sat.lib.session.PestDepthCertifier.java" Intrnl_Id="204">
<BasicBoolTerm Intrnl_Id="205">
<LocList>
<Loc EndOffset="4480" SrcFileId="1" StartOffset="4463"/>
</LocList>
</BasicBoolTerm>
</RootTerm>
</LoopStmnt>
<BasicStmnt CovItemId="S67" CovItemPrefix="p3d4amb.sat.lib.session.PestDepthCertifier.java" Intrnl_Id="206">
<LocList>
<Loc EndOffset="4605" SrcFileId="1" StartOffset="4583"/>
</LocList>
</BasicStmnt>
</StmntSeq>
</HierarchyLvl>
<HierarchyLvl HierarchyLvlId="5" HierarchyLvlTypeId="5" Intrnl_Id="207" Name="getCurrentStatus">
<Header>
<Loc EndOffset="4854" SrcFileId="1" StartOffset="4801"/>
</Header>
<LocList>
<Loc EndOffset="4887" SrcFileId="1" StartOffset="4801"/>
</LocList>
<StmntSeq Intrnl_Id="208">
<LocList>
<Loc EndOffset="4883" SrcFileId="1" StartOffset="4860"/>
</LocList>
<BasicStmnt CovItemId="S68" CovItemPrefix="p3d4amb.sat.lib.session.PestDepthCertifier.java" Intrnl_Id="209">
<LocList>
<Loc EndOffset="4883" SrcFileId="1" StartOffset="4860"/>
</LocList>
</BasicStmnt>
</StmntSeq>
</HierarchyLvl>
</HierarchyLvl>
</HierarchyLvl>
</HierarchyLvl>
</HierarchyLvl>
</HierarchyLvl>
</HierarchyLvl>
</MASTRoot>
</TestSessionContainer>
